INFO:root:      nid                                              title  ... delta                    field_capstone_client
0  412316                       IMPACTS ON HOUSING STABILITY  ...     0           UNIVERSAL PRE-K PROGRAM IN NYC
1  412131  ENHANCING NATURE-BASED SOLUTIONS FOR MANGROVE ...  ...     0                               WORLD BANK
2  412126  MUNICIPAL FINANCING STRATEGY DEVELOPMENT IN IN...  ...     0                               WORLD BANK
3  412141  EXAMINING THE IMPACT OF CASH BAIL REFORM AND S...  ...     0  CASH BAIL REFORM AND CRIME RATES IN NYC
4  412151  ANALYZING THE IMPACT OF NYC’S RIGHT TO COUNSEL...  ...     0    RIGHT TO COUNSEL AND ILLEGAL EVICTION

[5 rows x 10 columns]
INFO:root:Index(['nid', 'title', 'field_areas_of_impact', 'body', 'field_academic_year',
       'field_capstone_course', 'field_course_subject',
       'field_capstone_program', 'delta', 'field_capstone_client'],
      dtype='object')
INFO:root:create
INFO:root:create
INFO:root:create
INFO:root:create
INFO:root:create
INFO:root:create
INFO:root:create
INFO:root:create
INFO:root:create
INFO:root:create
INFO:root:create
INFO:root:create
INFO:root:create
INFO:root:create
INFO:root:create
INFO:root:create
INFO:root:create
INFO:root:create
INFO:root:create
INFO:root:create
INFO:root:create
INFO:root:create
INFO:root:create
INFO:root:create
INFO:root:create
INFO:root:create
INFO:root:create
INFO:root:create
INFO:root:create
INFO:root:create
INFO:root:create
INFO:root:create
INFO:root:create
INFO:root:create
INFO:root:create
INFO:root:create
INFO:root:create
INFO:root:create
INFO:root:create
INFO:root:create
INFO:root:create
INFO:root:create
INFO:root:create
INFO:root:create
INFO:root:create
INFO:root:create
INFO:root:create
INFO:root:create
INFO:root:create
INFO:root:create
INFO:root:create
INFO:root:create
INFO:root:create
INFO:root:create
INFO:root:create
INFO:root:create
INFO:root:create
INFO:root:create
INFO:root:create
INFO:root:create
INFO:root:create
INFO:root:create
INFO:root:create
INFO:root:create
INFO:root:create
INFO:root:create
INFO:root:create
INFO:root:create
INFO:root:create
INFO:root:create
INFO:root:create
INFO:root:create
INFO:root:create
INFO:root:create
INFO:root:create
INFO:root:create
INFO:root:create
INFO:root:create
INFO:root:create
INFO:root:create
INFO:root:create
INFO:root:create
INFO:root:create
INFO:root:create
INFO:root:create
INFO:root:create
INFO:root:create
INFO:root:create
INFO:root:create
INFO:root:create
INFO:root:create
INFO:root:create
INFO:root:create
INFO:root:create
INFO:root:create
INFO:root:create
INFO:root:create
INFO:root:create
INFO:root:create
INFO:root:create
INFO:root:create
INFO:root:create
INFO:root:create
INFO:root:create
INFO:root:create
INFO:root:create
INFO:root:create
INFO:root:create
INFO:root:create
INFO:root:create
INFO:root:create
INFO:root:create
INFO:root:create
INFO:root:create
INFO:root:create
INFO:root:create
INFO:root:create
INFO:root:create
INFO:root:create
INFO:root:create
INFO:root:create
INFO:root:create
INFO:root:create
INFO:root:create
INFO:root:create
INFO:root:create
INFO:root:create
INFO:root:create
INFO:root:create
INFO:root:create
INFO:root:create
INFO:root:create
INFO:root:create
INFO:root:create
INFO:root:create
INFO:root:create
INFO:root:create
INFO:root:create
INFO:root:create
INFO:root:create
INFO:root:create
INFO:root:create
INFO:root:create
INFO:root:create
INFO:root:create
INFO:root:create
INFO:root:create
INFO:root:create
INFO:root:create
INFO:root:create
INFO:root:create
INFO:root:create
INFO:root:create
INFO:root:create
INFO:root:create
INFO:root:create
INFO:root:create
INFO:root:create
INFO:root:create
INFO:root:create
INFO:root:create
INFO:root:create
INFO:root:create
INFO:root:create
INFO:root:create
INFO:root:create
INFO:root:create
INFO:root:create
INFO:root:create
INFO:root:create
INFO:root:create
INFO:root:create
INFO:root:create
INFO:root:create
INFO:root:create
INFO:root:create
INFO:root:create
INFO:root:create
INFO:root:create
INFO:root:create
INFO:root:create
INFO:root:create
INFO:root:create
INFO:root:create
INFO:root:create
INFO:root:create
INFO:root:create
INFO:root:create
INFO:root:create
INFO:root:create
INFO:root:create
INFO:root:create
INFO:root:create
INFO:root:create
INFO:root:create
INFO:root:create
INFO:root:create
INFO:root:create
INFO:root:create
INFO:root:create
INFO:root:create
INFO:root:create
INFO:root:create
INFO:root:create
INFO:root:create
INFO:root:create
INFO:root:create
INFO:root:create
INFO:root:create
INFO:root:create
INFO:root:create
INFO:root:create
INFO:root:create
INFO:root:create
INFO:root:create
INFO:root:create
INFO:root:create
INFO:root:create
INFO:root:create
INFO:root:create
INFO:root:create
INFO:root:create
INFO:root:create
INFO:root:create
INFO:root:create
INFO:root:create
INFO:root:create
INFO:root:create
INFO:root:create
INFO:root:create
INFO:root:create
INFO:root:create
INFO:root:create
INFO:root:create
INFO:root:create
INFO:root:create
INFO:root:create
INFO:root:create
INFO:root:create
INFO:root:create
INFO:root:create
INFO:root:create
INFO:root:create
INFO:root:create
INFO:root:create
INFO:root:create
INFO:root:create
INFO:root:create
INFO:root:create
INFO:root:create
INFO:root:create
INFO:root:create
INFO:root:create
INFO:root:create
INFO:root:create
INFO:root:create
INFO:root:create
INFO:root:create
INFO:root:create
INFO:root:create
INFO:root:create
INFO:root:create
INFO:root:create
INFO:root:create
INFO:root:create
INFO:root:create
INFO:root:create
INFO:root:create
INFO:root:create
INFO:root:create
INFO:root:create
INFO:root:create
INFO:root:create
INFO:root:create
INFO:root:create
INFO:root:create
INFO:root:create
INFO:root:create
INFO:root:create
INFO:root:create
INFO:root:create
INFO:root:create
INFO:root:create
INFO:root:create
INFO:root:create
INFO:root:create
INFO:root:create
INFO:root:create
INFO:root:create
INFO:root:create
INFO:root:create
INFO:root:create
INFO:root:create
INFO:root:create
INFO:root:create
INFO:root:create
INFO:root:create
INFO:root:create
INFO:root:create
INFO:root:create
INFO:root:create
INFO:root:create
INFO:root:create
INFO:root:create
INFO:root:create
INFO:root:create
INFO:root:create
INFO:root:create
INFO:root:create
INFO:root:create
INFO:root:create
INFO:root:create
INFO:root:create
INFO:root:create
INFO:root:create
INFO:root:create
INFO:root:create
INFO:root:create
INFO:root:create
INFO:root:create
INFO:root:create
INFO:root:create
INFO:root:create
INFO:root:create
INFO:root:create
INFO:root:create
INFO:root:create
INFO:root:create
INFO:root:create
INFO:root:create
INFO:root:create
INFO:root:create
INFO:root:create
INFO:root:create
INFO:root:create
INFO:root:create
INFO:root:create
INFO:root:create
INFO:root:create
INFO:root:create
INFO:root:create
INFO:root:create
INFO:root:create
INFO:root:create
INFO:root:create
INFO:root:create
INFO:root:create
INFO:root:create
INFO:root:create
INFO:root:create
INFO:root:create
INFO:root:create
INFO:root:create
INFO:root:create
INFO:root:create
INFO:root:create
INFO:root:create
INFO:root:create
INFO:root:create
INFO:root:create
INFO:root:create
INFO:root:create
INFO:root:a334u0000039dGKAAY
INFO:root:a334u0000039dGjAAI
INFO:root:a334u0000039dGjAAI
INFO:root:a334u0000039dGZAAY
INFO:root:a334u0000039dGPAAY
INFO:root:a334u0000039dGUAAY
INFO:root:create
INFO:root:create
INFO:root:create
INFO:root:a334u0000039dGyAAI
INFO:root:a334u0000039dGyAAI
INFO:root:a334u0000039dGoAAI
INFO:root:a334u0000039dGoAAI
INFO:root:a334u0000039dHDAAY
INFO:root:a334u0000039dHDAAY
INFO:root:a334u0000039dH8AAI
INFO:root:a334u0000039dH8AAI
INFO:root:a334u0000039dH3AAI
INFO:root:a334u0000039dH3AAI
INFO:root:a334u0000039dHIAAY
INFO:root:a334u0000039dHIAAY
INFO:root:a334u0000039dHNAAY
INFO:root:a334u0000039dHNAAY
INFO:root:create
INFO:root:a334u0000039dHcAAI
INFO:root:create
INFO:root:a334u0000039dI6AAI
INFO:root:a334u0000039dI6AAI
INFO:root:a334u0000039dI6AAI
INFO:root:a334u0000039dI6AAI
INFO:root:create
INFO:root:create
INFO:root:create
INFO:root:create
INFO:root:create
INFO:root:a334u0000039dHrAAI
INFO:root:a334u0000039dHhAAI
INFO:root:a334u0000039dHmAAI
INFO:root:create
INFO:root:create
INFO:root:create
INFO:root:create
INFO:root:a334u0000039dIBAAY
INFO:root:a334u0000039dIBAAY
INFO:root:a334u0000039dIBAAY
INFO:root:a334u0000039dIBAAY
INFO:root:create
INFO:root:create
INFO:root:create
INFO:root:create
INFO:root:a334u0000039dIGAAY
INFO:root:a334u0000039dIGAAY
INFO:root:a334u0000039dIGAAY
INFO:root:a334u0000039dIGAAY
INFO:root:create
INFO:root:create
INFO:root:create
INFO:root:create
INFO:root:create
INFO:root:a334u0000039dIVAAY
INFO:root:a334u0000039dIVAAY
INFO:root:a334u0000039dIVAAY
INFO:root:a334u0000039dIVAAY
INFO:root:a334u0000039dIpAAI
INFO:root:a334u0000039dIpAAI
INFO:root:a334u0000039dIpAAI
INFO:root:a334u0000039dIpAAI
INFO:root:a334u0000039dIaAAI
INFO:root:a334u0000039dIaAAI
INFO:root:a334u0000039dIaAAI
INFO:root:a334u0000039dIaAAI
INFO:root:create
INFO:root:create
INFO:root:create
INFO:root:create
INFO:root:a334u0000039dIkAAI
INFO:root:a334u0000039dIkAAI
INFO:root:a334u0000039dIkAAI
INFO:root:a334u0000039dIkAAI
INFO:root:a334u0000039dJJAAY
INFO:root:a334u0000039dJEAAY
INFO:root:create
INFO:root:a334u0000039dJ4AAI
INFO:root:a334u0000039dJdAAI
INFO:root:a334u0000039dJTAAY
INFO:root:create
INFO:root:create
INFO:root:create
INFO:root:a334u0000039dJiAAI
INFO:root:a334u0000039dJnAAI
INFO:root:a334u0000039dJYAAY
INFO:root:create
INFO:root:create
INFO:root:create
INFO:root:a334u0000039dKCAAY
INFO:root:a334u0000039dKCAAY
INFO:root:a334u0000039dKCAAY
INFO:root:create
INFO:root:create
INFO:root:create
INFO:root:a334u0000039dK7AAI
INFO:root:a334u0000039dK7AAI
INFO:root:a334u0000039dK7AAI
INFO:root:create
INFO:root:create
INFO:root:create
INFO:root:a334u0000039dLFAAY
INFO:root:a334u0000039dLFAAY
INFO:root:a334u0000039dLFAAY
INFO:root:a334u0000039dL0AAI
INFO:root:a334u0000039dL0AAI
INFO:root:a334u0000039dL0AAI
INFO:root:a334u0000039dKlAAI
INFO:root:a334u0000039dKlAAI
INFO:root:a334u0000039dKlAAI
INFO:root:a334u0000039dKRAAY
INFO:root:a334u0000039dKRAAY
INFO:root:a334u0000039dKRAAY
INFO:root:a334u0000039dKbAAI
INFO:root:a334u0000039dKbAAI
INFO:root:a334u0000039dKbAAI
INFO:root:a334u0000039dKqAAI
INFO:root:a334u0000039dKqAAI
INFO:root:a334u0000039dKqAAI
INFO:root:a334u0000039dLKAAY
INFO:root:a334u0000039dLKAAY
INFO:root:a334u0000039dLKAAY
INFO:root:a334u0000039dKvAAI
INFO:root:a334u0000039dKvAAI
INFO:root:a334u0000039dKvAAI
INFO:root:a334u0000039dLAAAY
INFO:root:a334u0000039dLAAAY
INFO:root:a334u0000039dLAAAY
INFO:root:create
INFO:root:create
INFO:root:create
INFO:root:a334u0000039dKgAAI
INFO:root:a334u0000039dKgAAI
